-- Found ament_cmake: 1.3.6 (/opt/ros/humble/share/ament_cmake/cmake)
-- Override CMake install command with custom implementation using symlinks instead of copying resources
-- Found rclcpp: 16.0.7 (/opt/ros/humble/share/rclcpp/cmake)
[33mCMake Warning at /opt/ros/humble/share/rcutils/cmake/ament_cmake_export_libraries-extras.cmake:116 (message):
  Package 'rcutils' exports library 'dl' which couldn't be found
Call Stack (most recent call first):
  /opt/ros/humble/share/rcutils/cmake/rcutilsConfig.cmake:41 (include)
  /opt/ros/humble/share/rosidl_runtime_c/cmake/ament_cmake_export_dependencies-extras.cmake:21 (find_package)
  /opt/ros/humble/share/rosidl_runtime_c/cmake/rosidl_runtime_cConfig.cmake:41 (include)
  /opt/ros/humble/share/builtin_interfaces/cmake/ament_cmake_export_dependencies-extras.cmake:21 (find_package)
  /opt/ros/humble/share/builtin_interfaces/cmake/builtin_interfacesConfig.cmake:41 (include)
  /opt/ros/humble/share/libstatistics_collector/cmake/ament_cmake_export_dependencies-extras.cmake:21 (find_package)
  /opt/ros/humble/share/libstatistics_collector/cmake/libstatistics_collectorConfig.cmake:41 (include)
  /opt/ros/humble/share/rclcpp/cmake/ament_cmake_export_dependencies-extras.cmake:21 (find_package)
  /opt/ros/humble/share/rclcpp/cmake/rclcppConfig.cmake:41 (include)
  CMakeLists.txt:16 (find_package)

[0m
-- Found rosidl_generator_c: 3.1.5 (/opt/ros/humble/share/rosidl_generator_c/cmake)
-- Found rosidl_adapter: 3.1.5 (/opt/ros/humble/share/rosidl_adapter/cmake)
-- Found rosidl_generator_cpp: 3.1.5 (/opt/ros/humble/share/rosidl_generator_cpp/cmake)
-- Using all available rosidl_typesupport_c: rosidl_typesupport_fastrtps_c;rosidl_typesupport_introspection_c
-- Using all available rosidl_typesupport_cpp: rosidl_typesupport_fastrtps_cpp;rosidl_typesupport_introspection_cpp
-- Found rmw_implementation_cmake: 6.1.1 (/opt/ros/humble/share/rmw_implementation_cmake/cmake)
-- Found rmw_fastrtps_cpp: 6.2.5 (/opt/ros/humble/share/rmw_fastrtps_cpp/cmake)
-- Using RMW implementation 'rmw_fastrtps_cpp' as default
-- Found example_interfaces: 0.9.3 (/opt/ros/humble/share/example_interfaces/cmake)
-- Found my_robot_interfaces: 0.0.0 (/home/prateek/ros2_ws/install/my_robot_interfaces/share/my_robot_interfaces/cmake)
-- Configuring done
[33mCMake Warning at CMakeLists.txt:41 (add_executable):
  Cannot generate a safe linker search path for target hw_status_publisher
  because files in some directories may conflict with libraries in implicit
  directories:

    link library [libpython3.10.so] in /usr/lib/x86_64-linux-gnu may be hidden by files in:
      /usr/lib/python3.10/config-3.10-aarch64-linux-gnu
      /usr/lib/aarch64-linux-gnu

  Some of these libraries may not be found correctly.

[0m
[33mCMake Warning at CMakeLists.txt:41 (add_executable):
  Cannot generate a safe runtime search path for target hw_status_publisher
  because files in some directories may conflict with libraries in implicit
  directories:

    runtime library [libpython3.10.so] in /usr/lib/x86_64-linux-gnu may be hidden by files in:
      /usr/lib/python3.10/config-3.10-aarch64-linux-gnu
      /usr/lib/aarch64-linux-gnu

  Some of these libraries may not be found correctly.

[0m
-- Generating done
-- Build files have been written to: /home/prateek/ros2_ws/build/my_cpp_pkg
[35m[1mConsolidate compiler generated dependencies of target smartphone[0m
[35m[1mConsolidate compiler generated dependencies of target robot_news_station[0m
[35m[1mConsolidate compiler generated dependencies of target cpp_node[0m
[35m[1mConsolidate compiler generated dependencies of target number_counter[0m
[  6%] [32m[1mLinking CXX executable robot_news_station[0m
[ 12%] [32m[1mLinking CXX executable cpp_node[0m
[ 18%] [32m[1mLinking CXX executable number_counter[0m
[ 25%] [32m[1mLinking CXX executable smartphone[0m
[ 31%] Built target robot_news_station
[ 37%] Built target cpp_node
[35m[1mConsolidate compiler generated dependencies of target add_two_ints_server[0m
[35m[1mConsolidate compiler generated dependencies of target add_two_ints_client_no_oop[0m
[ 43%] [32m[1mLinking CXX executable add_two_ints_server[0m
[ 50%] [32m[1mLinking CXX executable add_two_ints_client_no_oop[0m
[ 56%] Built target smartphone
[ 62%] Built target add_two_ints_server
[35m[1mConsolidate compiler generated dependencies of target add_two_ints_client[0m
[35m[1mConsolidate compiler generated dependencies of target hw_status_publisher[0m
[ 68%] [32m[1mLinking CXX executable add_two_ints_client[0m
gmake[2]: *** No rule to make target '/usr/lib/x86_64-linux-gnu/libpython3.10.so', needed by 'hw_status_publisher'.  Stop.
[ 75%] Built target number_counter
[ 81%] Built target add_two_ints_client_no_oop
gmake[1]: *** [CMakeFiles/Makefile2:333: CMakeFiles/hw_status_publisher.dir/all] Error 2
gmake[1]: *** Waiting for unfinished jobs....
[ 87%] Built target add_two_ints_client
gmake: *** [Makefile:146: all] Error 2
