[0.026s] Invoking command in '/home/prateek/ros2_ws/build/my_cpp_pkg': AMENT_PREFIX_PATH=/home/prateek/ros2_ws/install/my_robot_interfaces:${AMENT_PREFIX_PATH} CMAKE_PREFIX_PATH=/home/prateek/ros2_ws/install/my_robot_interfaces:/opt/ros/humble LD_LIBRARY_PATH=/home/prateek/ros2_ws/install/my_robot_interfaces/lib:${LD_LIBRARY_PATH} PYTHONPATH=/home/prateek/ros2_ws/install/my_robot_interfaces/local/lib/python3.10/dist-packages:${PYTHONPATH} /usr/bin/cmake --build /home/prateek/ros2_ws/build/my_cpp_pkg -- -j4 -l4
[0.056s] -- Found ament_cmake: 1.3.6 (/opt/ros/humble/share/ament_cmake/cmake)
[0.143s] -- Override CMake install command with custom implementation using symlinks instead of copying resources
[0.146s] -- Found rclcpp: 16.0.7 (/opt/ros/humble/share/rclcpp/cmake)
[0.156s] [33mCMake Warning at /opt/ros/humble/share/rcutils/cmake/ament_cmake_export_libraries-extras.cmake:116 (message):
[0.156s]   Package 'rcutils' exports library 'dl' which couldn't be found
[0.156s] Call Stack (most recent call first):
[0.156s]   /opt/ros/humble/share/rcutils/cmake/rcutilsConfig.cmake:41 (include)
[0.156s]   /opt/ros/humble/share/rosidl_runtime_c/cmake/ament_cmake_export_dependencies-extras.cmake:21 (find_package)
[0.156s]   /opt/ros/humble/share/rosidl_runtime_c/cmake/rosidl_runtime_cConfig.cmake:41 (include)
[0.156s]   /opt/ros/humble/share/builtin_interfaces/cmake/ament_cmake_export_dependencies-extras.cmake:21 (find_package)
[0.156s]   /opt/ros/humble/share/builtin_interfaces/cmake/builtin_interfacesConfig.cmake:41 (include)
[0.156s]   /opt/ros/humble/share/libstatistics_collector/cmake/ament_cmake_export_dependencies-extras.cmake:21 (find_package)
[0.156s]   /opt/ros/humble/share/libstatistics_collector/cmake/libstatistics_collectorConfig.cmake:41 (include)
[0.156s]   /opt/ros/humble/share/rclcpp/cmake/ament_cmake_export_dependencies-extras.cmake:21 (find_package)
[0.156s]   /opt/ros/humble/share/rclcpp/cmake/rclcppConfig.cmake:41 (include)
[0.156s]   CMakeLists.txt:16 (find_package)
[0.156s] 
[0.156s] [0m
[0.160s] -- Found rosidl_generator_c: 3.1.5 (/opt/ros/humble/share/rosidl_generator_c/cmake)
[0.162s] -- Found rosidl_adapter: 3.1.5 (/opt/ros/humble/share/rosidl_adapter/cmake)
[0.164s] -- Found rosidl_generator_cpp: 3.1.5 (/opt/ros/humble/share/rosidl_generator_cpp/cmake)
[0.170s] -- Using all available rosidl_typesupport_c: rosidl_typesupport_fastrtps_c;rosidl_typesupport_introspection_c
[0.177s] -- Using all available rosidl_typesupport_cpp: rosidl_typesupport_fastrtps_cpp;rosidl_typesupport_introspection_cpp
[0.207s] -- Found rmw_implementation_cmake: 6.1.1 (/opt/ros/humble/share/rmw_implementation_cmake/cmake)
[0.207s] -- Found rmw_fastrtps_cpp: 6.2.5 (/opt/ros/humble/share/rmw_fastrtps_cpp/cmake)
[0.255s] -- Using RMW implementation 'rmw_fastrtps_cpp' as default
[0.342s] -- Found example_interfaces: 0.9.3 (/opt/ros/humble/share/example_interfaces/cmake)
[0.416s] -- Found my_robot_interfaces: 0.0.0 (/home/prateek/ros2_ws/install/my_robot_interfaces/share/my_robot_interfaces/cmake)
[0.472s] -- Configuring done
[0.506s] [33mCMake Warning at CMakeLists.txt:41 (add_executable):
[0.507s]   Cannot generate a safe linker search path for target hw_status_publisher
[0.507s]   because files in some directories may conflict with libraries in implicit
[0.507s]   directories:
[0.507s] 
[0.507s]     link library [libpython3.10.so] in /usr/lib/x86_64-linux-gnu may be hidden by files in:
[0.507s]       /usr/lib/python3.10/config-3.10-aarch64-linux-gnu
[0.507s]       /usr/lib/aarch64-linux-gnu
[0.507s] 
[0.507s]   Some of these libraries may not be found correctly.
[0.507s] 
[0.507s] [0m
[0.511s] [33mCMake Warning at CMakeLists.txt:41 (add_executable):
[0.511s]   Cannot generate a safe runtime search path for target hw_status_publisher
[0.511s]   because files in some directories may conflict with libraries in implicit
[0.511s]   directories:
[0.511s] 
[0.511s]     runtime library [libpython3.10.so] in /usr/lib/x86_64-linux-gnu may be hidden by files in:
[0.511s]       /usr/lib/python3.10/config-3.10-aarch64-linux-gnu
[0.511s]       /usr/lib/aarch64-linux-gnu
[0.512s] 
[0.512s]   Some of these libraries may not be found correctly.
[0.512s] 
[0.512s] [0m
[0.515s] -- Generating done
[0.520s] -- Build files have been written to: /home/prateek/ros2_ws/build/my_cpp_pkg
[0.546s] [35m[1mConsolidate compiler generated dependencies of target smartphone[0m
[0.546s] [35m[1mConsolidate compiler generated dependencies of target robot_news_station[0m
[0.547s] [35m[1mConsolidate compiler generated dependencies of target cpp_node[0m
[0.549s] [35m[1mConsolidate compiler generated dependencies of target number_counter[0m
[0.561s] [  6%] [32m[1mLinking CXX executable robot_news_station[0m
[0.561s] [ 12%] [32m[1mLinking CXX executable cpp_node[0m
[0.566s] [ 18%] [32m[1mLinking CXX executable number_counter[0m
[0.567s] [ 25%] [32m[1mLinking CXX executable smartphone[0m
[0.756s] [ 31%] Built target robot_news_station
[0.764s] [ 37%] Built target cpp_node
[0.772s] [35m[1mConsolidate compiler generated dependencies of target add_two_ints_server[0m
[0.780s] [35m[1mConsolidate compiler generated dependencies of target add_two_ints_client_no_oop[0m
[0.784s] [ 43%] [32m[1mLinking CXX executable add_two_ints_server[0m
[0.798s] [ 50%] [32m[1mLinking CXX executable add_two_ints_client_no_oop[0m
[0.887s] [ 56%] Built target smartphone
[0.888s] [ 62%] Built target add_two_ints_server
[0.895s] [35m[1mConsolidate compiler generated dependencies of target add_two_ints_client[0m
[0.899s] [35m[1mConsolidate compiler generated dependencies of target hw_status_publisher[0m
[0.905s] [ 68%] [32m[1mLinking CXX executable add_two_ints_client[0m
[0.926s] gmake[2]: *** No rule to make target '/usr/lib/x86_64-linux-gnu/libpython3.10.so', needed by 'hw_status_publisher'.  Stop.
[0.934s] [ 75%] Built target number_counter
[0.936s] [ 81%] Built target add_two_ints_client_no_oop
[0.936s] gmake[1]: *** [CMakeFiles/Makefile2:333: CMakeFiles/hw_status_publisher.dir/all] Error 2
[0.936s] gmake[1]: *** Waiting for unfinished jobs....
[1.000s] [ 87%] Built target add_two_ints_client
[1.001s] gmake: *** [Makefile:146: all] Error 2
[1.003s] Invoked command in '/home/prateek/ros2_ws/build/my_cpp_pkg' returned '2': AMENT_PREFIX_PATH=/home/prateek/ros2_ws/install/my_robot_interfaces:${AMENT_PREFIX_PATH} CMAKE_PREFIX_PATH=/home/prateek/ros2_ws/install/my_robot_interfaces:/opt/ros/humble LD_LIBRARY_PATH=/home/prateek/ros2_ws/install/my_robot_interfaces/lib:${LD_LIBRARY_PATH} PYTHONPATH=/home/prateek/ros2_ws/install/my_robot_interfaces/local/lib/python3.10/dist-packages:${PYTHONPATH} /usr/bin/cmake --build /home/prateek/ros2_ws/build/my_cpp_pkg -- -j4 -l4
