[0.256s] Invoking command in '/home/prateek/ros2_ws/build/my_cpp_pkg': CMAKE_PREFIX_PATH=${CMAKE_PREFIX_PATH}:/home/prateek/ros2_ws/install/my_py_pkg:/opt/ros/humble /usr/bin/cmake --build /home/prateek/ros2_ws/build/my_cpp_pkg -- -j2 -l2
[0.454s] [35m[1mConsolidate compiler generated dependencies of target robot_news_station[0m
[0.514s] [ 20%] Built target cpp_node
[0.533s] [ 40%] Built target robot_news_station
[0.562s] [35m[1mConsolidate compiler generated dependencies of target smartphone[0m
[0.602s] [35m[1mConsolidate compiler generated dependencies of target number_counter[0m
[0.658s] [ 60%] Built target smartphone
[0.659s] [ 80%] Built target number_counter
[0.708s] [35m[1mConsolidate compiler generated dependencies of target add_two_ints_server[0m
[0.764s] [ 90%] [32mBuilding CXX object CMakeFiles/add_two_ints_server.dir/src/add_two_ints_server.cpp.o[0m
[4.422s] [01m[K/home/prateek/ros2_ws/src/my_cpp_pkg/src/add_two_ints_server.cpp:[m[K In constructor â€˜[01m[KAddTwoIntsServerNode::AddTwoIntsServerNode()[m[Kâ€™:
[4.422s] [01m[K/home/prateek/ros2_ws/src/my_cpp_pkg/src/add_two_ints_server.cpp:12:9:[m[K [01;31m[Kerror: [m[Kâ€˜[01m[Kserver[m[Kâ€™ was not declared in this scope; did you mean â€˜[01m[Kserver_[m[Kâ€™?
[4.422s]    12 |         [01;31m[Kserver[m[K = this->create_service<example_interfaces::srv::AddTwoInts>("add_two-ints", );
[4.422s]       |         [01;31m[K^~~~~~[m[K
[4.422s]       |         [32m[Kserver_[m[K
[4.423s] [01m[K/home/prateek/ros2_ws/src/my_cpp_pkg/src/add_two_ints_server.cpp:12:92:[m[K [01;31m[Kerror: [m[Kexpected primary-expression before â€˜[01m[K)[m[Kâ€™ token
[4.423s]    12 | <example_interfaces::srv::AddTwoInts>("add_two-ints", [01;31m[K)[m[K;
[4.423s]       |                                                       [01;31m[K^[m[K
[4.423s] 
[5.574s] gmake[2]: *** [CMakeFiles/add_two_ints_server.dir/build.make:76: CMakeFiles/add_two_ints_server.dir/src/add_two_ints_server.cpp.o] Error 1
[5.574s] gmake[1]: *** [CMakeFiles/Makefile2:249: CMakeFiles/add_two_ints_server.dir/all] Error 2
[5.574s] gmake: *** [Makefile:146: all] Error 2
[5.588s] Invoked command in '/home/prateek/ros2_ws/build/my_cpp_pkg' returned '2': CMAKE_PREFIX_PATH=${CMAKE_PREFIX_PATH}:/home/prateek/ros2_ws/install/my_py_pkg:/opt/ros/humble /usr/bin/cmake --build /home/prateek/ros2_ws/build/my_cpp_pkg -- -j2 -l2
