[0.025s] Invoking command in '/home/prateek/ros2_ws/build/my_cpp_pkg': AMENT_PREFIX_PATH=/home/prateek/ros2_ws/install/my_robot_interfaces:${AMENT_PREFIX_PATH} CMAKE_PREFIX_PATH=/home/prateek/ros2_ws/install/my_robot_interfaces:/opt/ros/humble LD_LIBRARY_PATH=/home/prateek/ros2_ws/install/my_robot_interfaces/lib:${LD_LIBRARY_PATH} PYTHONPATH=/home/prateek/ros2_ws/install/my_robot_interfaces/local/lib/python3.10/dist-packages:${PYTHONPATH} /usr/bin/cmake --build /home/prateek/ros2_ws/build/my_cpp_pkg -- -j4 -l4
[0.070s] -- Found ament_cmake: 1.3.6 (/opt/ros/humble/share/ament_cmake/cmake)
[0.167s] -- Override CMake install command with custom implementation using symlinks instead of copying resources
[0.170s] -- Found rclcpp: 16.0.7 (/opt/ros/humble/share/rclcpp/cmake)
[0.180s] [33mCMake Warning at /opt/ros/humble/share/rcutils/cmake/ament_cmake_export_libraries-extras.cmake:116 (message):
[0.180s]   Package 'rcutils' exports library 'dl' which couldn't be found
[0.180s] Call Stack (most recent call first):
[0.180s]   /opt/ros/humble/share/rcutils/cmake/rcutilsConfig.cmake:41 (include)
[0.181s]   /opt/ros/humble/share/rosidl_runtime_c/cmake/ament_cmake_export_dependencies-extras.cmake:21 (find_package)
[0.181s]   /opt/ros/humble/share/rosidl_runtime_c/cmake/rosidl_runtime_cConfig.cmake:41 (include)
[0.181s]   /opt/ros/humble/share/builtin_interfaces/cmake/ament_cmake_export_dependencies-extras.cmake:21 (find_package)
[0.181s]   /opt/ros/humble/share/builtin_interfaces/cmake/builtin_interfacesConfig.cmake:41 (include)
[0.181s]   /opt/ros/humble/share/libstatistics_collector/cmake/ament_cmake_export_dependencies-extras.cmake:21 (find_package)
[0.181s]   /opt/ros/humble/share/libstatistics_collector/cmake/libstatistics_collectorConfig.cmake:41 (include)
[0.181s]   /opt/ros/humble/share/rclcpp/cmake/ament_cmake_export_dependencies-extras.cmake:21 (find_package)
[0.181s]   /opt/ros/humble/share/rclcpp/cmake/rclcppConfig.cmake:41 (include)
[0.181s]   CMakeLists.txt:15 (find_package)
[0.181s] 
[0.181s] [0m
[0.185s] -- Found rosidl_generator_c: 3.1.5 (/opt/ros/humble/share/rosidl_generator_c/cmake)
[0.186s] -- Found rosidl_adapter: 3.1.5 (/opt/ros/humble/share/rosidl_adapter/cmake)
[0.189s] -- Found rosidl_generator_cpp: 3.1.5 (/opt/ros/humble/share/rosidl_generator_cpp/cmake)
[0.195s] -- Using all available rosidl_typesupport_c: rosidl_typesupport_fastrtps_c;rosidl_typesupport_introspection_c
[0.202s] -- Using all available rosidl_typesupport_cpp: rosidl_typesupport_fastrtps_cpp;rosidl_typesupport_introspection_cpp
[0.235s] -- Found rmw_implementation_cmake: 6.1.1 (/opt/ros/humble/share/rmw_implementation_cmake/cmake)
[0.236s] -- Found rmw_fastrtps_cpp: 6.2.5 (/opt/ros/humble/share/rmw_fastrtps_cpp/cmake)
[0.279s] -- Using RMW implementation 'rmw_fastrtps_cpp' as default
[0.365s] -- Found example_interfaces: 0.9.3 (/opt/ros/humble/share/example_interfaces/cmake)
[0.448s] -- Found my_robot_interfaces: 0.0.0 (/home/prateek/ros2_ws/install/my_robot_interfaces/share/my_robot_interfaces/cmake)
[0.496s] -- Configuring done
[0.529s] [33mCMake Warning at CMakeLists.txt:40 (add_executable):
[0.529s]   Cannot generate a safe runtime search path for target hw_status_publisher
[0.529s]   because files in some directories may conflict with libraries in implicit
[0.529s]   directories:
[0.529s] 
[0.529s]     runtime library [libpython3.10.so] in /usr/lib/x86_64-linux-gnu may be hidden by files in:
[0.530s]       /usr/lib/aarch64-linux-gnu
[0.530s] 
[0.530s]   Some of these libraries may not be found correctly.
[0.530s] 
[0.530s] [0m
[0.535s] -- Generating done
[0.541s] -- Build files have been written to: /home/prateek/ros2_ws/build/my_cpp_pkg
[0.563s] [35m[1mConsolidate compiler generated dependencies of target robot_news_station[0m
[0.563s] [35m[1mConsolidate compiler generated dependencies of target smartphone[0m
[0.563s] [35m[1mConsolidate compiler generated dependencies of target cpp_node[0m
[0.563s] [35m[1mConsolidate compiler generated dependencies of target number_counter[0m
[0.575s] [  6%] [32m[1mLinking CXX executable cpp_node[0m
[0.578s] [ 12%] [32m[1mLinking CXX executable smartphone[0m
[0.582s] [ 18%] [32m[1mLinking CXX executable number_counter[0m
[0.590s] [ 25%] [32m[1mLinking CXX executable robot_news_station[0m
[0.715s] [ 31%] Built target cpp_node
[0.779s] [35m[1mConsolidate compiler generated dependencies of target add_two_ints_server[0m
[0.854s] [ 37%] [32m[1mLinking CXX executable add_two_ints_server[0m
[0.862s] [ 43%] Built target robot_news_station
[0.871s] [35m[1mConsolidate compiler generated dependencies of target add_two_ints_client_no_oop[0m
[0.901s] [ 50%] [32m[1mLinking CXX executable add_two_ints_client_no_oop[0m
[0.928s] [ 56%] Built target smartphone
[0.948s] [35m[1mConsolidate compiler generated dependencies of target add_two_ints_client[0m
[0.969s] [ 62%] Built target number_counter
[0.973s] [ 68%] [32m[1mLinking CXX executable add_two_ints_client[0m
[0.973s] [ 75%] Built target add_two_ints_server
[0.977s] [35m[1mConsolidate compiler generated dependencies of target hw_status_publisher[0m
[0.990s] gmake[2]: *** No rule to make target '/usr/lib/x86_64-linux-gnu/libpython3.10.so', needed by 'hw_status_publisher'.  Stop.
[0.990s] gmake[1]: *** [CMakeFiles/Makefile2:333: CMakeFiles/hw_status_publisher.dir/all] Error 2
[0.990s] gmake[1]: *** Waiting for unfinished jobs....
[1.024s] [ 81%] Built target add_two_ints_client_no_oop
[1.068s] [ 87%] Built target add_two_ints_client
[1.069s] gmake: *** [Makefile:146: all] Error 2
[1.071s] Invoked command in '/home/prateek/ros2_ws/build/my_cpp_pkg' returned '2': AMENT_PREFIX_PATH=/home/prateek/ros2_ws/install/my_robot_interfaces:${AMENT_PREFIX_PATH} CMAKE_PREFIX_PATH=/home/prateek/ros2_ws/install/my_robot_interfaces:/opt/ros/humble LD_LIBRARY_PATH=/home/prateek/ros2_ws/install/my_robot_interfaces/lib:${LD_LIBRARY_PATH} PYTHONPATH=/home/prateek/ros2_ws/install/my_robot_interfaces/local/lib/python3.10/dist-packages:${PYTHONPATH} /usr/bin/cmake --build /home/prateek/ros2_ws/build/my_cpp_pkg -- -j4 -l4
