[0.173s] Invoking command in '/home/prateek/ros2_ws/build/my_cpp_pkg': CMAKE_PREFIX_PATH=${CMAKE_PREFIX_PATH}:/home/prateek/ros2_ws/install/my_py_pkg:/opt/ros/humble /usr/bin/cmake --build /home/prateek/ros2_ws/build/my_cpp_pkg -- -j2 -l2
[0.371s] [ 25%] Built target cpp_node
[0.393s] [ 50%] Built target robot_news_station
[0.528s] [ 75%] Built target smartphone
[0.546s] [ 87%] [32mBuilding CXX object CMakeFiles/number_counter.dir/src/number_counter.cpp.o[0m
[4.817s] [01m[K/home/prateek/ros2_ws/src/my_cpp_pkg/src/number_counter.cpp:[m[K In constructor â€˜[01m[KNumberCounterNode::NumberCounterNode()[m[Kâ€™:
[4.822s] [01m[K/home/prateek/ros2_ws/src/my_cpp_pkg/src/number_counter.cpp:11:87:[m[K [01;31m[Kerror: [m[Kno matching function for call to â€˜[01m[KNumberCounterNode::create_subscription<example_interfaces::msg::Int64>(const char [13], int)[m[Kâ€™
[4.822s]    11 |         counter_publisher_ = [01;31m[Kthis->create_subscription<example_interfaces::msg::Int64>("number_count",[m[K
[4.823s]       |                              [01;31m[K~~~~~~~~~~~~~~~~~~~~~~~~~~~~~~~~~~~~~~~~~~~~~~~~~~~~~~~~~^~~~~~~~~~~~~~~~[m[K
[4.823s]    12 | [01;31m[K        10)[m[K;
[4.823s]       |         [01;31m[K~~~[m[K                                                                            
[4.823s] In file included from [01m[K/opt/ros/humble/include/rclcpp/rclcpp/node.hpp:1321[m[K,
[4.823s]                  from [01m[K/opt/ros/humble/include/rclcpp/rclcpp/executors/single_threaded_executor.hpp:28[m[K,
[4.823s]                  from [01m[K/opt/ros/humble/include/rclcpp/rclcpp/executors.hpp:22[m[K,
[4.823s]                  from [01m[K/opt/ros/humble/include/rclcpp/rclcpp/rclcpp.hpp:155[m[K,
[4.823s]                  from [01m[K/home/prateek/ros2_ws/src/my_cpp_pkg/src/number_counter.cpp:1[m[K:
[4.823s] [01m[K/opt/ros/humble/include/rclcpp/rclcpp/node_impl.hpp:92:1:[m[K [01;36m[Knote: [m[Kcandidate: â€˜[01m[Ktemplate<class MessageT, class CallbackT, class AllocatorT, class SubscriptionT, class MessageMemoryStrategyT> std::shared_ptr<ROSMessageT> rclcpp::Node::create_subscription(const string&, const rclcpp::QoS&, CallbackT&&, const rclcpp::SubscriptionOptionsWithAllocator<AllocatorT>&, typename MessageMemoryStrategyT::SharedPtr)[m[Kâ€™
[4.823s]    92 | [01;36m[KNode[m[K::create_subscription(
[4.824s]       | [01;36m[K^~~~[m[K
[4.824s] [01m[K/opt/ros/humble/include/rclcpp/rclcpp/node_impl.hpp:92:1:[m[K [01;36m[Knote: [m[K  template argument deduction/substitution failed:
[4.824s] [01m[K/home/prateek/ros2_ws/src/my_cpp_pkg/src/number_counter.cpp:11:87:[m[K [01;36m[Knote: [m[K  candidate expects 5 arguments, 2 provided
[4.824s]    11 |         counter_publisher_ = [01;36m[Kthis->create_subscription<example_interfaces::msg::Int64>("number_count",[m[K
[4.824s]       |                              [01;36m[K~~~~~~~~~~~~~~~~~~~~~~~~~~~~~~~~~~~~~~~~~~~~~~~~~~~~~~~~~^~~~~~~~~~~~~~~~[m[K
[4.824s]    12 | [01;36m[K        10)[m[K;
[4.824s]       |         [01;36m[K~~~[m[K                                                                            
[4.877s] [01m[K/home/prateek/ros2_ws/src/my_cpp_pkg/src/number_counter.cpp:[m[K In member function â€˜[01m[Kvoid NumberCounterNode::callbackNumber(example_interfaces::msg::Int64_<std::allocator<void> >::SharedPtr)[m[Kâ€™:
[4.878s] [01m[K/home/prateek/ros2_ws/src/my_cpp_pkg/src/number_counter.cpp:19:9:[m[K [01;31m[Kerror: [m[Kâ€˜[01m[Kcounter[m[Kâ€™ was not declared in this scope; did you mean â€˜[01m[Kcounter_[m[Kâ€™?
[4.879s]    19 |         [01;31m[Kcounter[m[K += msg->data;
[4.879s]       |         [01;31m[K^~~~~~~[m[K
[4.880s]       |         [32m[Kcounter_[m[K
[9.743s] gmake[2]: *** [CMakeFiles/number_counter.dir/build.make:76: CMakeFiles/number_counter.dir/src/number_counter.cpp.o] Error 1
[9.745s] gmake[1]: *** [CMakeFiles/Makefile2:221: CMakeFiles/number_counter.dir/all] Error 2
[9.751s] gmake: *** [Makefile:146: all] Error 2
[9.767s] Invoked command in '/home/prateek/ros2_ws/build/my_cpp_pkg' returned '2': CMAKE_PREFIX_PATH=${CMAKE_PREFIX_PATH}:/home/prateek/ros2_ws/install/my_py_pkg:/opt/ros/humble /usr/bin/cmake --build /home/prateek/ros2_ws/build/my_cpp_pkg -- -j2 -l2
