[0.037s] Invoking command in '/home/prateek/ros2_ws/build/my_cpp_pkg': AMENT_PREFIX_PATH=/home/prateek/ros2_ws/install/my_robot_interfaces:${AMENT_PREFIX_PATH} CMAKE_PREFIX_PATH=/home/prateek/ros2_ws/install/my_robot_interfaces:/opt/ros/humble LD_LIBRARY_PATH=/home/prateek/ros2_ws/install/my_robot_interfaces/lib:${LD_LIBRARY_PATH} PYTHONPATH=/home/prateek/ros2_ws/install/my_robot_interfaces/local/lib/python3.10/dist-packages:${PYTHONPATH} /usr/bin/cmake --build /home/prateek/ros2_ws/build/my_cpp_pkg -- -j4 -l4
[0.054s] -- Found ament_cmake: 1.3.6 (/opt/ros/humble/share/ament_cmake/cmake)
[0.145s] -- Override CMake install command with custom implementation using symlinks instead of copying resources
[0.149s] -- Found rclcpp: 16.0.7 (/opt/ros/humble/share/rclcpp/cmake)
[0.159s] [33mCMake Warning at /opt/ros/humble/share/rcutils/cmake/ament_cmake_export_libraries-extras.cmake:116 (message):
[0.159s]   Package 'rcutils' exports library 'dl' which couldn't be found
[0.159s] Call Stack (most recent call first):
[0.159s]   /opt/ros/humble/share/rcutils/cmake/rcutilsConfig.cmake:41 (include)
[0.159s]   /opt/ros/humble/share/rosidl_runtime_c/cmake/ament_cmake_export_dependencies-extras.cmake:21 (find_package)
[0.159s]   /opt/ros/humble/share/rosidl_runtime_c/cmake/rosidl_runtime_cConfig.cmake:41 (include)
[0.159s]   /opt/ros/humble/share/builtin_interfaces/cmake/ament_cmake_export_dependencies-extras.cmake:21 (find_package)
[0.159s]   /opt/ros/humble/share/builtin_interfaces/cmake/builtin_interfacesConfig.cmake:41 (include)
[0.159s]   /opt/ros/humble/share/libstatistics_collector/cmake/ament_cmake_export_dependencies-extras.cmake:21 (find_package)
[0.159s]   /opt/ros/humble/share/libstatistics_collector/cmake/libstatistics_collectorConfig.cmake:41 (include)
[0.159s]   /opt/ros/humble/share/rclcpp/cmake/ament_cmake_export_dependencies-extras.cmake:21 (find_package)
[0.159s]   /opt/ros/humble/share/rclcpp/cmake/rclcppConfig.cmake:41 (include)
[0.159s]   CMakeLists.txt:10 (find_package)
[0.159s] 
[0.159s] [0m
[0.164s] -- Found rosidl_generator_c: 3.1.5 (/opt/ros/humble/share/rosidl_generator_c/cmake)
[0.165s] -- Found rosidl_adapter: 3.1.5 (/opt/ros/humble/share/rosidl_adapter/cmake)
[0.168s] -- Found rosidl_generator_cpp: 3.1.5 (/opt/ros/humble/share/rosidl_generator_cpp/cmake)
[0.173s] -- Using all available rosidl_typesupport_c: rosidl_typesupport_fastrtps_c;rosidl_typesupport_introspection_c
[0.180s] -- Using all available rosidl_typesupport_cpp: rosidl_typesupport_fastrtps_cpp;rosidl_typesupport_introspection_cpp
[0.210s] -- Found rmw_implementation_cmake: 6.1.1 (/opt/ros/humble/share/rmw_implementation_cmake/cmake)
[0.211s] -- Found rmw_fastrtps_cpp: 6.2.5 (/opt/ros/humble/share/rmw_fastrtps_cpp/cmake)
[0.261s] -- Using RMW implementation 'rmw_fastrtps_cpp' as default
[0.359s] -- Found example_interfaces: 0.9.3 (/opt/ros/humble/share/example_interfaces/cmake)
[0.444s] -- Found my_robot_interfaces: 0.0.0 (/home/prateek/ros2_ws/install/my_robot_interfaces/share/my_robot_interfaces/cmake)
[0.495s] -- Configuring done
[0.517s] [33mCMake Warning at CMakeLists.txt:35 (add_executable):
[0.517s]   Cannot generate a safe runtime search path for target hw_status_publisher
[0.517s]   because files in some directories may conflict with libraries in implicit
[0.518s]   directories:
[0.518s] 
[0.518s]     runtime library [libpython3.10.so] in /usr/lib/x86_64-linux-gnu may be hidden by files in:
[0.518s]       /usr/lib/aarch64-linux-gnu
[0.518s] 
[0.518s]   Some of these libraries may not be found correctly.
[0.518s] 
[0.518s] [0m
[0.518s] -- Generating done
[0.520s] -- Build files have been written to: /home/prateek/ros2_ws/build/my_cpp_pkg
[0.541s] [35m[1mConsolidate compiler generated dependencies of target cpp_node[0m
[0.543s] [35m[1mConsolidate compiler generated dependencies of target number_counter[0m
[0.544s] [35m[1mConsolidate compiler generated dependencies of target robot_news_station[0m
[0.544s] [35m[1mConsolidate compiler generated dependencies of target smartphone[0m
[0.564s] [  6%] [32mBuilding CXX object CMakeFiles/cpp_node.dir/src/my_first_node.cpp.o[0m
[0.566s] [ 12%] [32mBuilding CXX object CMakeFiles/smartphone.dir/src/smartphone.cpp.o[0m
[0.570s] [ 18%] [32mBuilding CXX object CMakeFiles/number_counter.dir/src/number_counter.cpp.o[0m
[0.589s] [ 25%] [32mBuilding CXX object CMakeFiles/robot_news_station.dir/src/robot_news_station.cpp.o[0m
[7.950s] [ 31%] [32m[1mLinking CXX executable cpp_node[0m
[8.258s] [ 31%] Built target cpp_node
[8.358s] [35m[1mConsolidate compiler generated dependencies of target add_two_ints_server[0m
[8.409s] [ 37%] [32mBuilding CXX object CMakeFiles/add_two_ints_server.dir/src/add_two_ints_server.cpp.o[0m
[9.572s] [ 43%] [32m[1mLinking CXX executable robot_news_station[0m
[9.876s] [ 43%] Built target robot_news_station
[9.891s] [35m[1mConsolidate compiler generated dependencies of target add_two_ints_client_no_oop[0m
[9.932s] [ 50%] [32mBuilding CXX object CMakeFiles/add_two_ints_client_no_oop.dir/src/add_two_ints_client_no_oop.cpp.o[0m
[13.683s] [ 56%] [32m[1mLinking CXX executable add_two_ints_server[0m
[13.957s] [ 56%] Built target add_two_ints_server
[14.048s] [35m[1mConsolidate compiler generated dependencies of target add_two_ints_client[0m
[14.088s] [ 62%] [32mBuilding CXX object CMakeFiles/add_two_ints_client.dir/src/add_two_ints_client.cpp.o[0m
[14.717s] [ 68%] [32m[1mLinking CXX executable add_two_ints_client_no_oop[0m
[14.898s] [ 68%] Built target add_two_ints_client_no_oop
[14.915s] [35m[1mConsolidate compiler generated dependencies of target hw_status_publisher[0m
[14.915s] [ 75%] [32m[1mLinking CXX executable smartphone[0m
[14.925s] gmake[2]: *** No rule to make target '/usr/lib/x86_64-linux-gnu/libpython3.10.so', needed by 'hw_status_publisher'.  Stop.
[14.925s] gmake[2]: *** Waiting for unfinished jobs....
[14.929s] [ 81%] [32mBuilding CXX object CMakeFiles/hw_status_publisher.dir/src/hw_status_publisher.cpp.o[0m
[15.177s] [ 87%] [32m[1mLinking CXX executable number_counter[0m
[15.245s] [ 87%] Built target smartphone
[15.498s] [ 87%] Built target number_counter
[16.512s] [ 93%] [32m[1mLinking CXX executable add_two_ints_client[0m
[16.620s] [ 93%] Built target add_two_ints_client
[17.225s] gmake[1]: *** [CMakeFiles/Makefile2:333: CMakeFiles/hw_status_publisher.dir/all] Error 2
[17.225s] gmake: *** [Makefile:146: all] Error 2
[17.232s] Invoked command in '/home/prateek/ros2_ws/build/my_cpp_pkg' returned '2': AMENT_PREFIX_PATH=/home/prateek/ros2_ws/install/my_robot_interfaces:${AMENT_PREFIX_PATH} CMAKE_PREFIX_PATH=/home/prateek/ros2_ws/install/my_robot_interfaces:/opt/ros/humble LD_LIBRARY_PATH=/home/prateek/ros2_ws/install/my_robot_interfaces/lib:${LD_LIBRARY_PATH} PYTHONPATH=/home/prateek/ros2_ws/install/my_robot_interfaces/local/lib/python3.10/dist-packages:${PYTHONPATH} /usr/bin/cmake --build /home/prateek/ros2_ws/build/my_cpp_pkg -- -j4 -l4
