[0.000000] (-) TimerEvent: {}
[0.000236] (-) JobUnselected: {'identifier': 'my_cpp_pkg'}
[0.000263] (-) JobUnselected: {'identifier': 'my_robot_bringup'}
[0.000277] (-) JobUnselected: {'identifier': 'my_robot_interfaces'}
[0.000291] (my_py_pkg) JobQueued: {'identifier': 'my_py_pkg', 'dependencies': OrderedDict([('my_robot_interfaces', '/home/prateek/ros2_ws/install/my_robot_interfaces')])}
[0.000322] (my_py_pkg) JobStarted: {'identifier': 'my_py_pkg'}
[0.099464] (-) TimerEvent: {}
[0.101070] (my_py_pkg) StderrLine: {'line': b'Traceback (most recent call last):\n  File "/usr/lib/python3/dist-packages/colcon_core/executor/__init__.py", line 91, in __call__\n    rc = await self.task(*args, **kwargs)\n  File "/usr/lib/python3/dist-packages/colcon_core/task/__init__.py", line 93, in __call__\n    return await task_method(*args, **kwargs)\n  File "/usr/lib/python3/dist-packages/colcon_ros/task/ament_python/build.py", line 102, in build\n    return await extension.build(additional_hooks=additional_hooks)\n  File "/usr/lib/python3/dist-packages/colcon_core/task/python/build.py", line 85, in build\n    available_commands = await self._get_available_commands(\n  File "/usr/lib/python3/dist-packages/colcon_core/task/python/build.py", line 175, in _get_available_commands\n    output = await check_output(\n  File "/usr/lib/python3/dist-packages/colcon_core/subprocess.py", line 129, in check_output\n    assert not rc, f\'Expected {args} to pass: {stderr_data}\'\nAssertionError: Expected [\'/usr/bin/python3\', \'setup.py\', \'--help-commands\'] to pass: /usr/bin/python3: can\'t open file \'/home/prateek/ros2_ws/src/my_py_pkg/setup.py\': [Errno 2] No such file or directory\n\n'}
[0.101528] (my_py_pkg) JobEnded: {'identifier': 'my_py_pkg', 'rc': 1}
[0.112626] (-) EventReactorShutdown: {}
